Symbol range map extraction starting
Processing 36 files
processing fr\zeiyo\zeiyocraft\CommonProxy.java
processing fr\zeiyo\zeiyocraft\ZeiyoMain.java
processing fr\zeiyo\zeiyocraft\block\ZBlock.java
processing fr\zeiyo\zeiyocraft\block\ZBlockCake.java
processing fr\zeiyo\zeiyocraft\block\ZBlockCampfire.java
processing fr\zeiyo\zeiyocraft\block\ZBlockCrops.java
processing fr\zeiyo\zeiyocraft\block\ZBlockOre.java
processing fr\zeiyo\zeiyocraft\block\ZBlockSittable.java
processing fr\zeiyo\zeiyocraft\block\ZeiyoBlocks.java
processing fr\zeiyo\zeiyocraft\client\BlockRenderRegister.java
processing fr\zeiyo\zeiyocraft\client\ClientProxy.java
processing fr\zeiyo\zeiyocraft\client\ItemRenderRegister.java
processing fr\zeiyo\zeiyocraft\crafting\ZCraftingUtils.java
processing fr\zeiyo\zeiyocraft\crafting\ZeiyoCrafting.java
processing fr\zeiyo\zeiyocraft\entity\ZCollisionHelper.java
processing fr\zeiyo\zeiyocraft\entity\ZEntitySittable.java
processing fr\zeiyo\zeiyocraft\event\ZCampfireEvent.java
processing fr\zeiyo\zeiyocraft\event\ZKeyEvent.java
processing fr\zeiyo\zeiyocraft\item\ZItem.java
processing fr\zeiyo\zeiyocraft\item\ZItemAlcohol.java
processing fr\zeiyo\zeiyocraft\item\ZItemArmor.java
processing fr\zeiyo\zeiyocraft\item\ZItemAxe.java
processing fr\zeiyo\zeiyocraft\item\ZItemBlock.java
processing fr\zeiyo\zeiyocraft\item\ZItemFood.java
processing fr\zeiyo\zeiyocraft\item\ZItemHoe.java
processing fr\zeiyo\zeiyocraft\item\ZItemPickaxe.java
processing fr\zeiyo\zeiyocraft\item\ZItemSeeds.java
processing fr\zeiyo\zeiyocraft\item\ZItemSoup.java
processing fr\zeiyo\zeiyocraft\item\ZItemSpade.java
processing fr\zeiyo\zeiyocraft\item\ZItemSword.java
processing fr\zeiyo\zeiyocraft\item\ZItemWarAxe.java
processing fr\zeiyo\zeiyocraft\item\ZeiyoItems.java
processing fr\zeiyo\zeiyocraft\material\ZArmorMaterial.java
processing fr\zeiyo\zeiyocraft\material\ZToolMaterial.java
processing fr\zeiyo\zeiyocraft\server\ServerProxy.java
processing fr\zeiyo\zeiyocraft\world\ZeiyoWorldGen.java
