[16:28:13] [Client thread/INFO]: Setting user: Player793
[16:28:19] [Client thread/INFO]: LWJGL Version: 2.9.4
[16:28:27] [Client thread/INFO]: Reloading ResourceManager: Default, FMLFileResourcePack:Forge Mod Loader, FMLFileResourcePack:Minecraft Forge, FMLFileResourcePack:ZeiyoCraft
[16:28:29] [Sound Library Loader/INFO]: Starting up SoundSystem...
[16:28:29] [Thread-8/INFO]: Initializing LWJGL OpenAL
[16:28:29] [Thread-8/INFO]: (The LWJGL binding of OpenAL.  For more information, see http://www.lwjgl.org)
[16:28:29] [Thread-8/INFO]: OpenAL initialized.
[16:28:29] [Sound Library Loader/INFO]: Sound engine started
[16:28:33] [Client thread/INFO]: Created: 16x16 textures-atlas
[16:28:36] [Client thread/INFO]: Reloading ResourceManager: Default, FMLFileResourcePack:Forge Mod Loader, FMLFileResourcePack:Minecraft Forge, FMLFileResourcePack:ZeiyoCraft
[16:28:38] [Client thread/INFO]: SoundSystem shutting down...
[16:28:38] [Client thread/WARN]: Author: Paul Lamb, www.paulscode.com
[16:28:38] [Sound Library Loader/INFO]: Starting up SoundSystem...
[16:28:38] [Thread-10/INFO]: Initializing LWJGL OpenAL
[16:28:38] [Thread-10/INFO]: (The LWJGL binding of OpenAL.  For more information, see http://www.lwjgl.org)
[16:28:38] [Thread-10/INFO]: OpenAL initialized.
[16:28:39] [Sound Library Loader/INFO]: Sound engine started
[16:28:41] [Client thread/INFO]: Created: 1024x512 textures-atlas
[16:28:44] [Realms Notification Availability checker #1/INFO]: Could not authorize you against Realms server: Invalid session id
[16:28:51] [Server thread/INFO]: Starting integrated minecraft server version 1.9
[16:28:51] [Server thread/INFO]: Generating keypair
[16:28:52] [Server thread/INFO]: Preparing start region for level 0
[16:28:53] [Server thread/INFO]: Preparing spawn area: 0%
[16:28:54] [Server thread/INFO]: Preparing spawn area: 65%
[16:28:55] [Server thread/INFO]: Changing view distance to 12, from 10
[16:28:56] [Server thread/INFO]: Player793[local:E:17d0a18f] logged in with entity id 346 at (-144.03263200649974, 68.0, 265.9960938681037)
[16:28:56] [Server thread/INFO]: Player793 joined the game
[16:28:59] [Server thread/INFO]: Saving and pausing game...
[16:28:59] [Server thread/INFO]: Saving chunks for level 'New World'/Overworld
[16:28:59] [pool-2-thread-1/WARN]: Couldn't look up profile properties for com.mojang.authlib.GameProfile@4ed1da2a[id=f594da2a-3dc9-39c1-9261-0e67d02259fd,name=Player793,properties={},legacy=false]
com.mojang.authlib.exceptions.AuthenticationException: The client has sent too many requests within a certain amount of time
	at com.mojang.authlib.yggdrasil.YggdrasilAuthenticationService.makeRequest(YggdrasilAuthenticationService.java:65) ~[YggdrasilAuthenticationService.class:?]
	at com.mojang.authlib.yggdrasil.YggdrasilMinecraftSessionService.fillGameProfile(YggdrasilMinecraftSessionService.java:175) [YggdrasilMinecraftSessionService.class:?]
	at com.mojang.authlib.yggdrasil.YggdrasilMinecraftSessionService$1.load(YggdrasilMinecraftSessionService.java:59) [YggdrasilMinecraftSessionService$1.class:?]
	at com.mojang.authlib.yggdrasil.YggdrasilMinecraftSessionService$1.load(YggdrasilMinecraftSessionService.java:56) [YggdrasilMinecraftSessionService$1.class:?]
	at com.google.common.cache.LocalCache$LoadingValueReference.loadFuture(LocalCache.java:3524) [guava-17.0.jar:?]
	at com.google.common.cache.LocalCache$Segment.loadSync(LocalCache.java:2317) [guava-17.0.jar:?]
	at com.google.common.cache.LocalCache$Segment.lockedGetOrLoad(LocalCache.java:2280) [guava-17.0.jar:?]
	at com.google.common.cache.LocalCache$Segment.get(LocalCache.java:2195) [guava-17.0.jar:?]
	at com.google.common.cache.LocalCache.get(LocalCache.java:3934) [guava-17.0.jar:?]
	at com.google.common.cache.LocalCache.getOrLoad(LocalCache.java:3938) [guava-17.0.jar:?]
	at com.google.common.cache.LocalCache$LocalLoadingCache.get(LocalCache.java:4821) [guava-17.0.jar:?]
	at com.google.common.cache.LocalCache$LocalLoadingCache.getUnchecked(LocalCache.java:4827) [guava-17.0.jar:?]
	at com.mojang.authlib.yggdrasil.YggdrasilMinecraftSessionService.fillProfileProperties(YggdrasilMinecraftSessionService.java:165) [YggdrasilMinecraftSessionService.class:?]
	at net.minecraft.client.Minecraft.getProfileProperties(Minecraft.java:3038) [Minecraft.class:?]
	at net.minecraft.client.resources.SkinManager$3.run(SkinManager.java:130) [SkinManager$3.class:?]
	at java.util.concurrent.Executors$RunnableAdapter.call(Executors.java:511) [?:1.8.0_92]
	at java.util.concurrent.FutureTask.run(FutureTask.java:266) [?:1.8.0_92]
	at java.util.concurrent.ThreadPoolExecutor.runWorker(ThreadPoolExecutor.java:1142) [?:1.8.0_92]
	at java.util.concurrent.ThreadPoolExecutor$Worker.run(ThreadPoolExecutor.java:617) [?:1.8.0_92]
	at java.lang.Thread.run(Thread.java:745) [?:1.8.0_92]
[16:28:59] [Server thread/INFO]: Saving chunks for level 'New World'/Nether
[16:28:59] [Server thread/INFO]: Saving chunks for level 'New World'/The End
[16:29:00] [Server thread/INFO]: Saving and pausing game...
[16:29:00] [Server thread/INFO]: Saving chunks for level 'New World'/Overworld
[16:29:01] [Server thread/INFO]: Saving chunks for level 'New World'/Nether
[16:29:01] [Server thread/INFO]: Saving chunks for level 'New World'/The End
[16:29:01] [Server thread/WARN]: Can't keep up! Did the system time change, or is the server overloaded? Running 4219ms behind, skipping 84 tick(s)
[16:29:21] [Server thread/INFO]: Player793 has just earned the achievement [Taking Inventory]
[16:29:21] [Client thread/INFO]: [CHAT] Player793 has just earned the achievement [Taking Inventory]
[16:36:07] [Server thread/INFO]: Saving and pausing game...
[16:36:07] [Server thread/INFO]: Saving chunks for level 'New World'/Overworld
[16:36:07] [Server thread/INFO]: Saving chunks for level 'New World'/Nether
[16:36:07] [Server thread/INFO]: Saving chunks for level 'New World'/The End
[16:38:05] [Client thread/INFO]: Stopping!
[16:38:05] [Client thread/INFO]: SoundSystem shutting down...
[16:38:05] [Server thread/INFO]: Stopping server
[16:38:05] [Server thread/INFO]: Saving players
[16:38:05] [Server thread/INFO]: Saving worlds
[16:38:05] [Server thread/INFO]: Saving chunks for level 'New World'/Overworld
[16:38:06] [Client thread/WARN]: Author: Paul Lamb, www.paulscode.com
[17:25:22] [Client thread/INFO]: Setting user: Player707
[17:25:37] [Client thread/INFO]: LWJGL Version: 2.9.4
[17:26:17] [Client thread/INFO]: Reloading ResourceManager: Default, FMLFileResourcePack:Forge Mod Loader, FMLFileResourcePack:Minecraft Forge, FMLFileResourcePack:ZeiyoCraft
[17:27:08] [Sound Library Loader/INFO]: Starting up SoundSystem...
[17:27:08] [Thread-7/INFO]: Initializing LWJGL OpenAL
[17:27:08] [Thread-7/INFO]: (The LWJGL binding of OpenAL.  For more information, see http://www.lwjgl.org)
[17:27:08] [Thread-7/INFO]: OpenAL initialized.
[17:27:08] [Sound Library Loader/INFO]: Sound engine started
[17:27:12] [Client thread/INFO]: Created: 16x16 textures-atlas
[17:27:14] [Client thread/INFO]: Reloading ResourceManager: Default, FMLFileResourcePack:Forge Mod Loader, FMLFileResourcePack:Minecraft Forge, FMLFileResourcePack:ZeiyoCraft
[17:27:18] [Client thread/INFO]: SoundSystem shutting down...
[17:27:19] [Client thread/WARN]: Author: Paul Lamb, www.paulscode.com
[17:27:19] [Sound Library Loader/INFO]: Starting up SoundSystem...
[17:27:19] [Thread-9/INFO]: Initializing LWJGL OpenAL
[17:27:19] [Thread-9/INFO]: (The LWJGL binding of OpenAL.  For more information, see http://www.lwjgl.org)
[17:27:19] [Thread-9/INFO]: OpenAL initialized.
[17:27:19] [Sound Library Loader/INFO]: Sound engine started
[17:27:22] [Client thread/INFO]: Created: 1024x512 textures-atlas
[17:27:29] [Realms Notification Availability checker #1/INFO]: Could not authorize you against Realms server: Invalid session id
[17:31:32] [Server thread/INFO]: Starting minecraft server version 1.9
[17:31:39] [Server thread/INFO]: Loading properties
[17:31:39] [Server thread/INFO]: Default game type: SURVIVAL
[17:31:39] [Server thread/INFO]: Generating keypair
[17:31:39] [Server thread/INFO]: Starting Minecraft server on *:25565
[17:31:40] [Server thread/INFO]: Using default channel type
[17:31:41] [Server thread/WARN]: Failed to load user banlist: 
java.io.FileNotFoundException: banned-players.json (Le fichier spécifié est introuvable)
	at java.io.FileInputStream.open0(Native Method) ~[?:1.8.0_92]
	at java.io.FileInputStream.open(FileInputStream.java:195) ~[?:1.8.0_92]
	at java.io.FileInputStream.<init>(FileInputStream.java:138) ~[?:1.8.0_92]
	at com.google.common.io.Files.newReader(Files.java:86) ~[guava-17.0.jar:?]
	at net.minecraft.server.management.UserList.readSavedFile(UserList.java:198) ~[UserList.class:?]
	at net.minecraft.server.dedicated.DedicatedPlayerList.loadPlayerBanList(DedicatedPlayerList.java:119) [DedicatedPlayerList.class:?]
	at net.minecraft.server.dedicated.DedicatedPlayerList.<init>(DedicatedPlayerList.java:29) [DedicatedPlayerList.class:?]
	at net.minecraft.server.dedicated.DedicatedServer.startServer(DedicatedServer.java:216) [DedicatedServer.class:?]
	at net.minecraft.server.MinecraftServer.run(MinecraftServer.java:492) [MinecraftServer.class:?]
	at java.lang.Thread.run(Thread.java:745) [?:1.8.0_92]
[17:31:41] [Server thread/WARN]: Failed to load ip banlist: 
java.io.FileNotFoundException: banned-ips.json (Le fichier spécifié est introuvable)
	at java.io.FileInputStream.open0(Native Method) ~[?:1.8.0_92]
	at java.io.FileInputStream.open(FileInputStream.java:195) ~[?:1.8.0_92]
	at java.io.FileInputStream.<init>(FileInputStream.java:138) ~[?:1.8.0_92]
	at com.google.common.io.Files.newReader(Files.java:86) ~[guava-17.0.jar:?]
	at net.minecraft.server.management.UserList.readSavedFile(UserList.java:198) ~[UserList.class:?]
	at net.minecraft.server.dedicated.DedicatedPlayerList.loadIPBanList(DedicatedPlayerList.java:107) [DedicatedPlayerList.class:?]
	at net.minecraft.server.dedicated.DedicatedPlayerList.<init>(DedicatedPlayerList.java:31) [DedicatedPlayerList.class:?]
	at net.minecraft.server.dedicated.DedicatedServer.startServer(DedicatedServer.java:216) [DedicatedServer.class:?]
	at net.minecraft.server.MinecraftServer.run(MinecraftServer.java:492) [MinecraftServer.class:?]
	at java.lang.Thread.run(Thread.java:745) [?:1.8.0_92]
[17:31:41] [Server thread/WARN]: Failed to load operators list: 
java.io.FileNotFoundException: ops.json (Le fichier spécifié est introuvable)
	at java.io.FileInputStream.open0(Native Method) ~[?:1.8.0_92]
	at java.io.FileInputStream.open(FileInputStream.java:195) ~[?:1.8.0_92]
	at java.io.FileInputStream.<init>(FileInputStream.java:138) ~[?:1.8.0_92]
	at com.google.common.io.Files.newReader(Files.java:86) ~[guava-17.0.jar:?]
	at net.minecraft.server.management.UserList.readSavedFile(UserList.java:198) ~[UserList.class:?]
	at net.minecraft.server.dedicated.DedicatedPlayerList.loadOpsList(DedicatedPlayerList.java:131) [DedicatedPlayerList.class:?]
	at net.minecraft.server.dedicated.DedicatedPlayerList.<init>(DedicatedPlayerList.java:33) [DedicatedPlayerList.class:?]
	at net.minecraft.server.dedicated.DedicatedServer.startServer(DedicatedServer.java:216) [DedicatedServer.class:?]
	at net.minecraft.server.MinecraftServer.run(MinecraftServer.java:492) [MinecraftServer.class:?]
	at java.lang.Thread.run(Thread.java:745) [?:1.8.0_92]
[17:31:41] [Server thread/WARN]: Failed to load white-list: 
java.io.FileNotFoundException: whitelist.json (Le fichier spécifié est introuvable)
	at java.io.FileInputStream.open0(Native Method) ~[?:1.8.0_92]
	at java.io.FileInputStream.open(FileInputStream.java:195) ~[?:1.8.0_92]
	at java.io.FileInputStream.<init>(FileInputStream.java:138) ~[?:1.8.0_92]
	at com.google.common.io.Files.newReader(Files.java:86) ~[guava-17.0.jar:?]
	at net.minecraft.server.management.UserList.readSavedFile(UserList.java:198) ~[UserList.class:?]
	at net.minecraft.server.dedicated.DedicatedPlayerList.readWhiteList(DedicatedPlayerList.java:155) [DedicatedPlayerList.class:?]
	at net.minecraft.server.dedicated.DedicatedPlayerList.<init>(DedicatedPlayerList.java:34) [DedicatedPlayerList.class:?]
	at net.minecraft.server.dedicated.DedicatedServer.startServer(DedicatedServer.java:216) [DedicatedServer.class:?]
	at net.minecraft.server.MinecraftServer.run(MinecraftServer.java:492) [MinecraftServer.class:?]
	at java.lang.Thread.run(Thread.java:745) [?:1.8.0_92]
[17:31:41] [Server thread/INFO]: Preparing level "world"
[17:31:45] [Server thread/INFO]: Preparing start region for level 0
[17:31:46] [Server thread/INFO]: Preparing spawn area: 4%
[17:31:47] [Server thread/INFO]: Preparing spawn area: 4%
[17:31:48] [Server thread/INFO]: Preparing spawn area: 5%
[17:31:49] [Server thread/INFO]: Preparing spawn area: 8%
[17:31:51] [Server thread/INFO]: Preparing spawn area: 9%
[17:31:52] [Server thread/INFO]: Preparing spawn area: 11%
[17:31:53] [Server thread/INFO]: Preparing spawn area: 12%
[17:31:54] [Server thread/INFO]: Preparing spawn area: 14%
[17:31:55] [Server thread/INFO]: Preparing spawn area: 16%
[17:31:56] [Server thread/INFO]: Preparing spawn area: 19%
[17:31:57] [Server thread/INFO]: Preparing spawn area: 22%
[17:31:59] [Server thread/INFO]: Preparing spawn area: 26%
[17:32:00] [Server thread/INFO]: Preparing spawn area: 28%
[17:32:01] [Server thread/INFO]: Preparing spawn area: 33%
[17:32:02] [Server thread/INFO]: Preparing spawn area: 36%
[17:32:03] [Server thread/INFO]: Preparing spawn area: 40%
[17:32:04] [Server thread/INFO]: Preparing spawn area: 45%
[17:32:05] [Server thread/INFO]: Preparing spawn area: 49%
[17:32:06] [Server thread/INFO]: Preparing spawn area: 52%
[17:32:07] [Server thread/INFO]: Preparing spawn area: 55%
[17:32:08] [Server thread/INFO]: Preparing spawn area: 57%
[17:32:09] [Server thread/INFO]: Preparing spawn area: 61%
[17:32:10] [Server thread/INFO]: Preparing spawn area: 66%
[17:32:11] [Server thread/INFO]: Preparing spawn area: 69%
[17:32:12] [Server thread/INFO]: Preparing spawn area: 73%
[17:32:13] [Server thread/INFO]: Preparing spawn area: 76%
[17:32:14] [Server thread/INFO]: Preparing spawn area: 81%
[17:32:15] [Server thread/INFO]: Preparing spawn area: 88%
[17:32:16] [Server thread/INFO]: Preparing spawn area: 93%
[17:32:18] [Server thread/INFO]: Preparing spawn area: 98%
[17:32:18] [Server thread/INFO]: Done (36,554s)! For help, type "help" or "?"
[17:32:18] [Server thread/INFO]: Stopping server
[17:32:18] [Server thread/INFO]: Saving players
[17:32:18] [Server thread/INFO]: Saving worlds
[17:32:18] [Server thread/INFO]: Saving chunks for level 'world'/Overworld
[17:32:22] [Server thread/INFO]: Saving chunks for level 'world'/Nether
[17:32:22] [Server thread/INFO]: Saving chunks for level 'world'/The End
