[19:19:06] [Client thread/INFO]: Setting user: Player420
[19:19:15] [Client thread/INFO]: LWJGL Version: 2.9.4
[19:19:25] [Client thread/INFO]: Reloading ResourceManager: Default, FMLFileResourcePack:Forge Mod Loader, FMLFileResourcePack:Minecraft Forge, FMLFileResourcePack:ZeiyoCraft
[19:19:30] [Sound Library Loader/INFO]: Starting up SoundSystem...
[19:19:30] [Thread-8/INFO]: Initializing LWJGL OpenAL
[19:19:30] [Thread-8/INFO]: (The LWJGL binding of OpenAL.  For more information, see http://www.lwjgl.org)
[19:19:31] [Thread-8/INFO]: OpenAL initialized.
[19:19:31] [Sound Library Loader/INFO]: Sound engine started
[19:19:38] [Client thread/INFO]: Created: 16x16 textures-atlas
[19:19:43] [Client thread/INFO]: Reloading ResourceManager: Default, FMLFileResourcePack:Forge Mod Loader, FMLFileResourcePack:Minecraft Forge, FMLFileResourcePack:ZeiyoCraft
[19:19:45] [Client thread/INFO]: SoundSystem shutting down...
[19:19:46] [Client thread/WARN]: Author: Paul Lamb, www.paulscode.com
[19:19:46] [Sound Library Loader/INFO]: Starting up SoundSystem...
[19:19:46] [Thread-10/INFO]: Initializing LWJGL OpenAL
[19:19:46] [Thread-10/INFO]: (The LWJGL binding of OpenAL.  For more information, see http://www.lwjgl.org)
[19:19:46] [Thread-10/INFO]: OpenAL initialized.
[19:19:46] [Sound Library Loader/INFO]: Sound engine started
[19:19:49] [Client thread/INFO]: Created: 1024x512 textures-atlas
[19:19:54] [Realms Notification Availability checker #1/INFO]: Could not authorize you against Realms server: Invalid session id
[19:21:35] [Client thread/INFO]: Connecting to localhost, 25565
[19:24:29] [Client thread/INFO]: Stopping!
[19:24:29] [Client thread/INFO]: SoundSystem shutting down...
[19:24:29] [Client thread/WARN]: Author: Paul Lamb, www.paulscode.com
